<?xml version="1.0" encoding="UTF-8"?>
<testsuite name="com.neo.web.HelloControlerTests" time="0.796" tests="2" errors="0" skipped="0" failures="1">
  <properties>
    <property name="idea.version" value="2016.3.4"/>
    <property name="java.runtime.name" value="Java(TM) SE Runtime Environment"/>
    <property name="sun.boot.library.path" value="D:\java\jdk\jre\bin"/>
    <property name="java.vm.version" value="25.31-b07"/>
    <property name="java.vm.vendor" value="Oracle Corporation"/>
    <property name="maven.multiModuleProjectDirectory" value="G:\demo\spring-boot-examples-master\spring-boot-web"/>
    <property name="java.vendor.url" value="http://java.oracle.com/"/>
    <property name="path.separator" value=";"/>
    <property name="guice.disable.misplaced.annotation.check" value="true"/>
    <property name="java.vm.name" value="Java HotSpot(TM) 64-Bit Server VM"/>
    <property name="file.encoding.pkg" value="sun.io"/>
    <property name="idea.launcher.port" value="7533"/>
    <property name="user.script" value=""/>
    <property name="user.country" value="CN"/>
    <property name="sun.java.launcher" value="SUN_STANDARD"/>
    <property name="sun.os.patch.level" value="Service Pack 1"/>
    <property name="java.vm.specification.name" value="Java Virtual Machine Specification"/>
    <property name="user.dir" value="G:\demo\spring-boot-examples-master\spring-boot-web"/>
    <property name="java.runtime.version" value="1.8.0_31-b13"/>
    <property name="java.awt.graphicsenv" value="sun.awt.Win32GraphicsEnvironment"/>
    <property name="java.endorsed.dirs" value="D:\java\jdk\jre\lib\endorsed"/>
    <property name="os.arch" value="amd64"/>
    <property name="java.io.tmpdir" value="C:\Users\ADMINI~1\AppData\Local\Temp\"/>
    <property name="line.separator" value="&#10;"/>
    <property name="java.vm.specification.vendor" value="Oracle Corporation"/>
    <property name="user.variant" value=""/>
    <property name="os.name" value="Windows 7"/>
    <property name="classworlds.conf" value="D:\java\idea\IDEA 16.3.4\IntelliJ IDEA 2016.3.4\plugins\maven\lib\maven3\bin\m2.conf"/>
    <property name="sun.jnu.encoding" value="GBK"/>
    <property name="java.library.path" value="D:\java\jdk\bin;C:\Windows\Sun\Java\bin;C:\Windows\system32;C:\Windows;C:\ProgramData\Oracle\Java\javapath;C:\Windows\system32;C:\Windows;C:\Windows\System32\Wbem;C:\Windows\System32\WindowsPowerShell\v1.0\;D:\SystemSoftware\Git for Windows\Git\cmd;D:\SystemSoftware\TortoiseGit\bin;D:\java\jdk\bin;D:\java\jdk\jre\bin;;."/>
    <property name="java.specification.name" value="Java Platform API Specification"/>
    <property name="java.class.version" value="52.0"/>
    <property name="sun.management.compiler" value="HotSpot 64-Bit Tiered Compilers"/>
    <property name="os.version" value="6.1"/>
    <property name="user.home" value="C:\Users\Administrator"/>
    <property name="user.timezone" value="Asia/Shanghai"/>
    <property name="java.awt.printerjob" value="sun.awt.windows.WPrinterJob"/>
    <property name="java.specification.version" value="1.8"/>
    <property name="idea.launcher.bin.path" value="D:\java\idea\IDEA 16.3.4\IntelliJ IDEA 2016.3.4\bin"/>
    <property name="file.encoding" value="UTF-8"/>
    <property name="user.name" value="Administrator"/>
    <property name="java.class.path" value="D:\java\idea\IDEA 16.3.4\IntelliJ IDEA 2016.3.4\plugins\maven\lib\maven3\boot\plexus-classworlds-2.5.2.jar;D:\java\idea\IDEA 16.3.4\IntelliJ IDEA 2016.3.4\lib\idea_rt.jar"/>
    <property name="java.vm.specification.version" value="1.8"/>
    <property name="sun.arch.data.model" value="64"/>
    <property name="java.home" value="D:\java\jdk\jre"/>
    <property name="sun.java.command" value="com.intellij.rt.execution.application.AppMain org.codehaus.classworlds.Launcher -Didea.version=2016.3.4 install"/>
    <property name="java.specification.vendor" value="Oracle Corporation"/>
    <property name="user.language" value="zh"/>
    <property name="awt.toolkit" value="sun.awt.windows.WToolkit"/>
    <property name="java.vm.info" value="mixed mode"/>
    <property name="java.version" value="1.8.0_31"/>
    <property name="java.ext.dirs" value="D:\java\jdk\jre\lib\ext;C:\Windows\Sun\Java\lib\ext"/>
    <property name="sun.boot.class.path" value="D:\java\jdk\jre\lib\resources.jar;D:\java\jdk\jre\lib\rt.jar;D:\java\jdk\jre\lib\sunrsasign.jar;D:\java\jdk\jre\lib\jsse.jar;D:\java\jdk\jre\lib\jce.jar;D:\java\jdk\jre\lib\charsets.jar;D:\java\jdk\jre\lib\jfr.jar;D:\java\jdk\jre\classes"/>
    <property name="java.vendor" value="Oracle Corporation"/>
    <property name="maven.home" value="D:\java\idea\IDEA 16.3.4\IntelliJ IDEA 2016.3.4\plugins\maven\lib\maven3"/>
    <property name="file.separator" value="\"/>
    <property name="java.vendor.url.bug" value="http://bugreport.sun.com/bugreport/"/>
    <property name="sun.cpu.endian" value="little"/>
    <property name="sun.io.unicode.encoding" value="UnicodeLittle"/>
    <property name="sun.desktop" value="windows"/>
    <property name="sun.cpu.isalist" value="amd64"/>
  </properties>
  <testcase name="testHello" classname="com.neo.web.HelloControlerTests" time="0.726">
    <failure message="Response content&#10;Expected: &quot;Hello World&quot;&#10;     but: was &quot;hello world&quot;" type="java.lang.AssertionError">java.lang.AssertionError: Response content
Expected: "Hello World"
     but: was "hello world"
	at org.hamcrest.MatcherAssert.assertThat(MatcherAssert.java:20)
	at org.springframework.test.web.servlet.result.ContentResultMatchers$4.match(ContentResultMatchers.java:137)
	at org.springframework.test.web.servlet.MockMvc$1.andExpect(MockMvc.java:171)
	at com.neo.web.HelloControlerTests.testHello(HelloControlerTests.java:53)
</failure>
    <system-out><![CDATA[2017-09-03 18:56:00.465  INFO 7912 --- [           main] o.s.t.c.support.AbstractContextLoader    : Could not detect default resource locations for test class [com.neo.web.HelloControlerTests]: no resource found for suffixes {-context.xml, Context.groovy}.
2017-09-03 18:56:00.467  INFO 7912 --- [           main] o.s.t.c.web.WebTestContextBootstrapper   : Loaded default TestExecutionListener class names from location [META-INF/spring.factories]: [org.springframework.test.context.web.ServletTestExecutionListener, org.springframework.test.context.support.DirtiesContextBeforeModesTestExecutionListener, org.springframework.test.context.support.DependencyInjectionTestExecutionListener, org.springframework.test.context.support.DirtiesContextTestExecutionListener, org.springframework.test.context.transaction.TransactionalTestExecutionListener, org.springframework.test.context.jdbc.SqlScriptsTestExecutionListener]
2017-09-03 18:56:00.468  INFO 7912 --- [           main] o.s.t.c.web.WebTestContextBootstrapper   : Using TestExecutionListeners: [org.springframework.test.context.web.ServletTestExecutionListener@53dd42d6, org.springframework.test.context.support.DirtiesContextBeforeModesTestExecutionListener@1e76afeb, org.springframework.test.context.support.DependencyInjectionTestExecutionListener@447fa959, org.springframework.test.context.support.DirtiesContextTestExecutionListener@3e4d40ea, org.springframework.test.context.transaction.TransactionalTestExecutionListener@73f6e07, org.springframework.test.context.jdbc.SqlScriptsTestExecutionListener@2c9d90fc]

  .   ____          _            __ _ _
 /\\ / ___'_ __ _ _(_)_ __  __ _ \ \ \ \
( ( )\___ | '_ | '_| | '_ \/ _` | \ \ \ \
 \\/  ___)| |_)| | | | | || (_| |  ) ) ) )
  '  |____| .__|_| |_|_| |_\__, | / / / /
 =========|_|==============|___/=/_/_/_/
 :: Spring Boot ::        (v1.3.6.RELEASE)

2017-09-03 18:56:00.522  INFO 7912 --- [           main] com.neo.web.HelloControlerTests          : Starting HelloControlerTests on USER-20160915JS with PID 7912 (G:\demo\spring-boot-examples-master\spring-boot-web\target\test-classes started by Administrator in G:\demo\spring-boot-examples-master\spring-boot-web)
2017-09-03 18:56:00.522  INFO 7912 --- [           main] com.neo.web.HelloControlerTests          : No active profile set, falling back to default profiles: default
2017-09-03 18:56:00.524  INFO 7912 --- [           main] o.s.w.c.s.GenericWebApplicationContext   : Refreshing org.springframework.web.context.support.GenericWebApplicationContext@7e61e25c: startup date [Sun Sep 03 18:56:00 CST 2017]; root of context hierarchy
2017-09-03 18:56:01.225  INFO 7912 --- [           main] com.neo.web.HelloControlerTests          : Started HelloControlerTests in 0.748 seconds (JVM running for 24.802)
2017-09-03 18:56:01.465  INFO 7912 --- [           main] ilder$StaticRequestMappingHandlerMapping : Mapped "{[/hello]}" onto public java.lang.String com.neo.web.HelloController.hello(java.util.Locale,org.springframework.ui.Model)
2017-09-03 18:56:01.466  INFO 7912 --- [           main] ilder$StaticRequestMappingHandlerMapping : Mapped "{[/uid]}" onto java.lang.String com.neo.web.HelloController.uid(javax.servlet.http.HttpSession)
2017-09-03 18:56:01.875  INFO 7912 --- [           main] s.w.s.m.m.a.RequestMappingHandlerAdapter : Looking for @ControllerAdvice: org.springframework.test.web.servlet.setup.StubWebApplicationContext@2407a36c
2017-09-03 18:56:01.962  INFO 7912 --- [           main] o.s.mock.web.MockServletContext          : Initializing Spring FrameworkServlet ''
2017-09-03 18:56:01.962  INFO 7912 --- [           main] o.s.t.web.servlet.TestDispatcherServlet  : FrameworkServlet '': initialization started
2017-09-03 18:56:01.963  INFO 7912 --- [           main] o.s.t.web.servlet.TestDispatcherServlet  : FrameworkServlet '': initialization completed in 1 ms
]]></system-out>
  </testcase>
  <testcase name="getHello" classname="com.neo.web.HelloControlerTests" time="0.07"/>
</testsuite>